  ServerRailwayCashBoxCLR.cpp
d:\education\4_grade_1_term\setevoe_po\lab_1\lab1_railwaycashbox\serverrailwaycashboxclr\serverrailwaycashboxclr\serverrailwaycashboxclr.cpp(198): warning C4996: 'strcpy': This function or variable may be unsafe. Consider using strcpy_s instead. To disable deprecation, use _CRT_SECURE_NO_WARNINGS. See online help for details.
  c:\program files (x86)\windows kits\10\include\10.0.17134.0\ucrt\string.h(133): note:  см. объявление "strcpy"
d:\education\4_grade_1_term\setevoe_po\lab_1\lab1_railwaycashbox\serverrailwaycashboxclr\serverrailwaycashboxclr\serverrailwaycashboxclr.cpp(199): warning C4996: 'strcat': This function or variable may be unsafe. Consider using strcat_s instead. To disable deprecation, use _CRT_SECURE_NO_WARNINGS. See online help for details.
  c:\program files (x86)\windows kits\10\include\10.0.17134.0\ucrt\string.h(90): note:  см. объявление "strcat"
d:\education\4_grade_1_term\setevoe_po\lab_1\lab1_railwaycashbox\serverrailwaycashboxclr\serverrailwaycashboxclr\serverrailwaycashboxclr.cpp(201): warning C4996: 'strcat': This function or variable may be unsafe. Consider using strcat_s instead. To disable deprecation, use _CRT_SECURE_NO_WARNINGS. See online help for details.
  c:\program files (x86)\windows kits\10\include\10.0.17134.0\ucrt\string.h(90): note:  см. объявление "strcat"
d:\education\4_grade_1_term\setevoe_po\lab_1\lab1_railwaycashbox\serverrailwaycashboxclr\serverrailwaycashboxclr\serverrailwaycashboxclr.cpp(202): warning C4996: 'strcat': This function or variable may be unsafe. Consider using strcat_s instead. To disable deprecation, use _CRT_SECURE_NO_WARNINGS. See online help for details.
  c:\program files (x86)\windows kits\10\include\10.0.17134.0\ucrt\string.h(90): note:  см. объявление "strcat"
d:\education\4_grade_1_term\setevoe_po\lab_1\lab1_railwaycashbox\serverrailwaycashboxclr\serverrailwaycashboxclr\serverrailwaycashboxclr.cpp(203): warning C4996: 'strcat': This function or variable may be unsafe. Consider using strcat_s instead. To disable deprecation, use _CRT_SECURE_NO_WARNINGS. See online help for details.
  c:\program files (x86)\windows kits\10\include\10.0.17134.0\ucrt\string.h(90): note:  см. объявление "strcat"
d:\education\4_grade_1_term\setevoe_po\lab_1\lab1_railwaycashbox\serverrailwaycashboxclr\serverrailwaycashboxclr\serverrailwaycashboxclr.cpp(204): warning C4996: 'strcat': This function or variable may be unsafe. Consider using strcat_s instead. To disable deprecation, use _CRT_SECURE_NO_WARNINGS. See online help for details.
  c:\program files (x86)\windows kits\10\include\10.0.17134.0\ucrt\string.h(90): note:  см. объявление "strcat"
d:\education\4_grade_1_term\setevoe_po\lab_1\lab1_railwaycashbox\serverrailwaycashboxclr\serverrailwaycashboxclr\serverrailwaycashboxclr.cpp(205): warning C4996: 'strcat': This function or variable may be unsafe. Consider using strcat_s instead. To disable deprecation, use _CRT_SECURE_NO_WARNINGS. See online help for details.
  c:\program files (x86)\windows kits\10\include\10.0.17134.0\ucrt\string.h(90): note:  см. объявление "strcat"
d:\education\4_grade_1_term\setevoe_po\lab_1\lab1_railwaycashbox\serverrailwaycashboxclr\serverrailwaycashboxclr\serverrailwaycashboxclr.cpp(207): warning C4996: 'strcat': This function or variable may be unsafe. Consider using strcat_s instead. To disable deprecation, use _CRT_SECURE_NO_WARNINGS. See online help for details.
  c:\program files (x86)\windows kits\10\include\10.0.17134.0\ucrt\string.h(90): note:  см. объявление "strcat"
d:\education\4_grade_1_term\setevoe_po\lab_1\lab1_railwaycashbox\serverrailwaycashboxclr\serverrailwaycashboxclr\serverrailwaycashboxclr.cpp(208): warning C4996: 'strcat': This function or variable may be unsafe. Consider using strcat_s instead. To disable deprecation, use _CRT_SECURE_NO_WARNINGS. See online help for details.
  c:\program files (x86)\windows kits\10\include\10.0.17134.0\ucrt\string.h(90): note:  см. объявление "strcat"
d:\education\4_grade_1_term\setevoe_po\lab_1\lab1_railwaycashbox\serverrailwaycashboxclr\serverrailwaycashboxclr\serverrailwaycashboxclr.cpp(209): warning C4996: 'sprintf': This function or variable may be unsafe. Consider using sprintf_s instead. To disable deprecation, use _CRT_SECURE_NO_WARNINGS. See online help for details.
  c:\program files (x86)\windows kits\10\include\10.0.17134.0\ucrt\stdio.h(1774): note:  см. объявление "sprintf"
d:\education\4_grade_1_term\setevoe_po\lab_1\lab1_railwaycashbox\serverrailwaycashboxclr\serverrailwaycashboxclr\serverrailwaycashboxclr.cpp(210): warning C4996: 'strcat': This function or variable may be unsafe. Consider using strcat_s instead. To disable deprecation, use _CRT_SECURE_NO_WARNINGS. See online help for details.
  c:\program files (x86)\windows kits\10\include\10.0.17134.0\ucrt\string.h(90): note:  см. объявление "strcat"
d:\education\4_grade_1_term\setevoe_po\lab_1\lab1_railwaycashbox\serverrailwaycashboxclr\serverrailwaycashboxclr\serverrailwaycashboxclr.cpp(212): warning C4996: 'strcat': This function or variable may be unsafe. Consider using strcat_s instead. To disable deprecation, use _CRT_SECURE_NO_WARNINGS. See online help for details.
  c:\program files (x86)\windows kits\10\include\10.0.17134.0\ucrt\string.h(90): note:  см. объявление "strcat"
d:\education\4_grade_1_term\setevoe_po\lab_1\lab1_railwaycashbox\serverrailwaycashboxclr\serverrailwaycashboxclr\serverrailwaycashboxclr.cpp(213): warning C4996: 'strcat': This function or variable may be unsafe. Consider using strcat_s instead. To disable deprecation, use _CRT_SECURE_NO_WARNINGS. See online help for details.
  c:\program files (x86)\windows kits\10\include\10.0.17134.0\ucrt\string.h(90): note:  см. объявление "strcat"
d:\education\4_grade_1_term\setevoe_po\lab_1\lab1_railwaycashbox\serverrailwaycashboxclr\serverrailwaycashboxclr\serverrailwaycashboxclr.cpp(214): warning C4996: 'sprintf': This function or variable may be unsafe. Consider using sprintf_s instead. To disable deprecation, use _CRT_SECURE_NO_WARNINGS. See online help for details.
  c:\program files (x86)\windows kits\10\include\10.0.17134.0\ucrt\stdio.h(1774): note:  см. объявление "sprintf"
d:\education\4_grade_1_term\setevoe_po\lab_1\lab1_railwaycashbox\serverrailwaycashboxclr\serverrailwaycashboxclr\serverrailwaycashboxclr.cpp(215): warning C4996: 'strcat': This function or variable may be unsafe. Consider using strcat_s instead. To disable deprecation, use _CRT_SECURE_NO_WARNINGS. See online help for details.
  c:\program files (x86)\windows kits\10\include\10.0.17134.0\ucrt\string.h(90): note:  см. объявление "strcat"
d:\education\4_grade_1_term\setevoe_po\lab_1\lab1_railwaycashbox\serverrailwaycashboxclr\serverrailwaycashboxclr\serverrailwaycashboxclr.cpp(217): warning C4996: 'strcat': This function or variable may be unsafe. Consider using strcat_s instead. To disable deprecation, use _CRT_SECURE_NO_WARNINGS. See online help for details.
  c:\program files (x86)\windows kits\10\include\10.0.17134.0\ucrt\string.h(90): note:  см. объявление "strcat"
d:\education\4_grade_1_term\setevoe_po\lab_1\lab1_railwaycashbox\serverrailwaycashboxclr\serverrailwaycashboxclr\serverrailwaycashboxclr.cpp(218): warning C4996: 'strcat': This function or variable may be unsafe. Consider using strcat_s instead. To disable deprecation, use _CRT_SECURE_NO_WARNINGS. See online help for details.
  c:\program files (x86)\windows kits\10\include\10.0.17134.0\ucrt\string.h(90): note:  см. объявление "strcat"
d:\education\4_grade_1_term\setevoe_po\lab_1\lab1_railwaycashbox\serverrailwaycashboxclr\serverrailwaycashboxclr\serverrailwaycashboxclr.cpp(219): warning C4996: 'sprintf': This function or variable may be unsafe. Consider using sprintf_s instead. To disable deprecation, use _CRT_SECURE_NO_WARNINGS. See online help for details.
  c:\program files (x86)\windows kits\10\include\10.0.17134.0\ucrt\stdio.h(1774): note:  см. объявление "sprintf"
d:\education\4_grade_1_term\setevoe_po\lab_1\lab1_railwaycashbox\serverrailwaycashboxclr\serverrailwaycashboxclr\serverrailwaycashboxclr.cpp(220): warning C4996: 'strcat': This function or variable may be unsafe. Consider using strcat_s instead. To disable deprecation, use _CRT_SECURE_NO_WARNINGS. See online help for details.
  c:\program files (x86)\windows kits\10\include\10.0.17134.0\ucrt\string.h(90): note:  см. объявление "strcat"
d:\education\4_grade_1_term\setevoe_po\lab_1\lab1_railwaycashbox\serverrailwaycashboxclr\serverrailwaycashboxclr\serverrailwaycashboxclr.cpp(222): warning C4996: 'strcat': This function or variable may be unsafe. Consider using strcat_s instead. To disable deprecation, use _CRT_SECURE_NO_WARNINGS. See online help for details.
  c:\program files (x86)\windows kits\10\include\10.0.17134.0\ucrt\string.h(90): note:  см. объявление "strcat"
d:\education\4_grade_1_term\setevoe_po\lab_1\lab1_railwaycashbox\serverrailwaycashboxclr\serverrailwaycashboxclr\serverrailwaycashboxclr.cpp(223): warning C4996: 'strcat': This function or variable may be unsafe. Consider using strcat_s instead. To disable deprecation, use _CRT_SECURE_NO_WARNINGS. See online help for details.
  c:\program files (x86)\windows kits\10\include\10.0.17134.0\ucrt\string.h(90): note:  см. объявление "strcat"
d:\education\4_grade_1_term\setevoe_po\lab_1\lab1_railwaycashbox\serverrailwaycashboxclr\serverrailwaycashboxclr\serverrailwaycashboxclr.cpp(224): warning C4996: 'sprintf': This function or variable may be unsafe. Consider using sprintf_s instead. To disable deprecation, use _CRT_SECURE_NO_WARNINGS. See online help for details.
  c:\program files (x86)\windows kits\10\include\10.0.17134.0\ucrt\stdio.h(1774): note:  см. объявление "sprintf"
d:\education\4_grade_1_term\setevoe_po\lab_1\lab1_railwaycashbox\serverrailwaycashboxclr\serverrailwaycashboxclr\serverrailwaycashboxclr.cpp(225): warning C4996: 'strcat': This function or variable may be unsafe. Consider using strcat_s instead. To disable deprecation, use _CRT_SECURE_NO_WARNINGS. See online help for details.
  c:\program files (x86)\windows kits\10\include\10.0.17134.0\ucrt\string.h(90): note:  см. объявление "strcat"
d:\education\4_grade_1_term\setevoe_po\lab_1\lab1_railwaycashbox\serverrailwaycashboxclr\serverrailwaycashboxclr\serverrailwaycashboxclr.cpp(227): warning C4996: 'strcat': This function or variable may be unsafe. Consider using strcat_s instead. To disable deprecation, use _CRT_SECURE_NO_WARNINGS. See online help for details.
  c:\program files (x86)\windows kits\10\include\10.0.17134.0\ucrt\string.h(90): note:  см. объявление "strcat"
d:\education\4_grade_1_term\setevoe_po\lab_1\lab1_railwaycashbox\serverrailwaycashboxclr\serverrailwaycashboxclr\serverrailwaycashboxclr.cpp(228): warning C4996: 'strcat': This function or variable may be unsafe. Consider using strcat_s instead. To disable deprecation, use _CRT_SECURE_NO_WARNINGS. See online help for details.
  c:\program files (x86)\windows kits\10\include\10.0.17134.0\ucrt\string.h(90): note:  см. объявление "strcat"
d:\education\4_grade_1_term\setevoe_po\lab_1\lab1_railwaycashbox\serverrailwaycashboxclr\serverrailwaycashboxclr\serverrailwaycashboxclr.cpp(229): warning C4996: 'sprintf': This function or variable may be unsafe. Consider using sprintf_s instead. To disable deprecation, use _CRT_SECURE_NO_WARNINGS. See online help for details.
  c:\program files (x86)\windows kits\10\include\10.0.17134.0\ucrt\stdio.h(1774): note:  см. объявление "sprintf"
d:\education\4_grade_1_term\setevoe_po\lab_1\lab1_railwaycashbox\serverrailwaycashboxclr\serverrailwaycashboxclr\serverrailwaycashboxclr.cpp(230): warning C4996: 'strcat': This function or variable may be unsafe. Consider using strcat_s instead. To disable deprecation, use _CRT_SECURE_NO_WARNINGS. See online help for details.
  c:\program files (x86)\windows kits\10\include\10.0.17134.0\ucrt\string.h(90): note:  см. объявление "strcat"
d:\education\4_grade_1_term\setevoe_po\lab_1\lab1_railwaycashbox\serverrailwaycashboxclr\serverrailwaycashboxclr\serverrailwaycashboxclr.cpp(232): warning C4996: 'strcat': This function or variable may be unsafe. Consider using strcat_s instead. To disable deprecation, use _CRT_SECURE_NO_WARNINGS. See online help for details.
  c:\program files (x86)\windows kits\10\include\10.0.17134.0\ucrt\string.h(90): note:  см. объявление "strcat"
d:\education\4_grade_1_term\setevoe_po\lab_1\lab1_railwaycashbox\serverrailwaycashboxclr\serverrailwaycashboxclr\serverrailwaycashboxclr.cpp(233): warning C4996: 'strcat': This function or variable may be unsafe. Consider using strcat_s instead. To disable deprecation, use _CRT_SECURE_NO_WARNINGS. See online help for details.
  c:\program files (x86)\windows kits\10\include\10.0.17134.0\ucrt\string.h(90): note:  см. объявление "strcat"
d:\education\4_grade_1_term\setevoe_po\lab_1\lab1_railwaycashbox\serverrailwaycashboxclr\serverrailwaycashboxclr\serverrailwaycashboxclr.cpp(234): warning C4996: 'sprintf': This function or variable may be unsafe. Consider using sprintf_s instead. To disable deprecation, use _CRT_SECURE_NO_WARNINGS. See online help for details.
  c:\program files (x86)\windows kits\10\include\10.0.17134.0\ucrt\stdio.h(1774): note:  см. объявление "sprintf"
d:\education\4_grade_1_term\setevoe_po\lab_1\lab1_railwaycashbox\serverrailwaycashboxclr\serverrailwaycashboxclr\serverrailwaycashboxclr.cpp(235): warning C4996: 'strcat': This function or variable may be unsafe. Consider using strcat_s instead. To disable deprecation, use _CRT_SECURE_NO_WARNINGS. See online help for details.
  c:\program files (x86)\windows kits\10\include\10.0.17134.0\ucrt\string.h(90): note:  см. объявление "strcat"
d:\education\4_grade_1_term\setevoe_po\lab_1\lab1_railwaycashbox\serverrailwaycashboxclr\serverrailwaycashboxclr\serverrailwaycashboxclr.cpp(237): warning C4996: 'strcat': This function or variable may be unsafe. Consider using strcat_s instead. To disable deprecation, use _CRT_SECURE_NO_WARNINGS. See online help for details.
  c:\program files (x86)\windows kits\10\include\10.0.17134.0\ucrt\string.h(90): note:  см. объявление "strcat"
d:\education\4_grade_1_term\setevoe_po\lab_1\lab1_railwaycashbox\serverrailwaycashboxclr\serverrailwaycashboxclr\serverrailwaycashboxclr.cpp(238): warning C4996: 'strcat': This function or variable may be unsafe. Consider using strcat_s instead. To disable deprecation, use _CRT_SECURE_NO_WARNINGS. See online help for details.
  c:\program files (x86)\windows kits\10\include\10.0.17134.0\ucrt\string.h(90): note:  см. объявление "strcat"
d:\education\4_grade_1_term\setevoe_po\lab_1\lab1_railwaycashbox\serverrailwaycashboxclr\serverrailwaycashboxclr\serverrailwaycashboxclr.cpp(239): warning C4996: 'sprintf': This function or variable may be unsafe. Consider using sprintf_s instead. To disable deprecation, use _CRT_SECURE_NO_WARNINGS. See online help for details.
  c:\program files (x86)\windows kits\10\include\10.0.17134.0\ucrt\stdio.h(1774): note:  см. объявление "sprintf"
d:\education\4_grade_1_term\setevoe_po\lab_1\lab1_railwaycashbox\serverrailwaycashboxclr\serverrailwaycashboxclr\serverrailwaycashboxclr.cpp(240): warning C4996: 'strcat': This function or variable may be unsafe. Consider using strcat_s instead. To disable deprecation, use _CRT_SECURE_NO_WARNINGS. See online help for details.
  c:\program files (x86)\windows kits\10\include\10.0.17134.0\ucrt\string.h(90): note:  см. объявление "strcat"
d:\education\4_grade_1_term\setevoe_po\lab_1\lab1_railwaycashbox\serverrailwaycashboxclr\serverrailwaycashboxclr\serverrailwaycashboxclr.cpp(295): warning C4996: 'strtok': This function or variable may be unsafe. Consider using strtok_s instead. To disable deprecation, use _CRT_SECURE_NO_WARNINGS. See online help for details.
  c:\program files (x86)\windows kits\10\include\10.0.17134.0\ucrt\string.h(440): note:  см. объявление "strtok"
d:\education\4_grade_1_term\setevoe_po\lab_1\lab1_railwaycashbox\serverrailwaycashboxclr\serverrailwaycashboxclr\serverrailwaycashboxclr.cpp(301): warning C4996: 'strtok': This function or variable may be unsafe. Consider using strtok_s instead. To disable deprecation, use _CRT_SECURE_NO_WARNINGS. See online help for details.
  c:\program files (x86)\windows kits\10\include\10.0.17134.0\ucrt\string.h(440): note:  см. объявление "strtok"
d:\education\4_grade_1_term\setevoe_po\lab_1\lab1_railwaycashbox\serverrailwaycashboxclr\serverrailwaycashboxclr\serverrailwaycashboxclr.cpp(162): warning C4101: buf: неиспользованная локальная переменная
d:\education\4_grade_1_term\setevoe_po\lab_1\lab1_railwaycashbox\serverrailwaycashboxclr\serverrailwaycashboxclr\serverrailwaycashboxclr.cpp(246): warning C4101: buf: неиспользованная локальная переменная
d:\education\4_grade_1_term\setevoe_po\lab_1\lab1_railwaycashbox\serverrailwaycashboxclr\serverrailwaycashboxclr\serverrailwaycashboxclr.cpp(272): warning C4101: buf: неиспользованная локальная переменная
d:\education\4_grade_1_term\setevoe_po\lab_1\lab1_railwaycashbox\serverrailwaycashboxclr\serverrailwaycashboxclr\serverrailwaycashboxclr.cpp(326): warning C4101: buf: неиспользованная локальная переменная
  AssemblyInfo.obj : обнаружен модуль MSIL; для MSIL последовательная компоновка отключена; выполняется полная компоновка
  ServerRailwayCashBoxCLR.vcxproj -> D:\Education\4_grade_1_term\Setevoe_PO\Lab_1\Lab1_RailwayCashBox\ServerRailwayCashBoxCLR\Debug\ServerRailwayCashBoxCLR.exe
